<?xml version="1.0" encoding="UTF-8"?>
<!-- Generated by org.testng.reporters.JUnitXMLReporter -->
<testsuite hostname="nb-noh" ignored="1" name="Demo" tests="2" failures="0" timestamp="22 Jan 2020 10:07:56 GMT" time="0.048" errors="0">
  <testcase name="Demo" time="0.01" classname="TestNGDemo.learning"/>
  <testcase name="Second" time="0.001" classname="TestNGDemo.learning1"/>
  <testcase name="third" time="0.0" classname="TestNGDemo.learning1">
    <ignored/>
  </testcase> <!-- third -->
</testsuite> <!-- Demo -->
