<?xml version="1.0" encoding="UTF-8"?>
<!-- Generated by org.testng.reporters.JUnitXMLReporter -->
<testsuite hostname="nb-noh" ignored="0" name="Demo1" tests="2" failures="1" timestamp="27 Feb 2020 11:53:59 GMT" time="0.023" errors="0">
  <testcase name="Second" time="0.005" classname="TestNGDemo.learning1">
    <failure type="java.lang.AssertionError" message="expected [true] but found [false]">
      <![CDATA[java.lang.AssertionError: expected [true] but found [false]
at TestNGDemo.learning1.Second(learning1.java:15)
... Removed 29 stack frames]]>
    </failure>
  </testcase> <!-- Second -->
  <testcase name="third" time="0.003" classname="TestNGDemo.learning1"/>
</testsuite> <!-- Demo1 -->
