-------------------------------------------------------------------------------
Test set: TestSuite
-------------------------------------------------------------------------------
Tests run: 6, Failures: 1, Errors: 0, Skipped: 0, Time elapsed: 49.962 s <<< FAILURE! - in TestSuite
ValidateHomeNavigation.home[https://www.tamanna.com/](1)  Time elapsed: 3.542 s  <<< FAILURE!
java.lang.AssertionError: expected [https://www.tamanna.com/] but found [https://www.tamanna.com/men/overview]
	at ValidateHomeNavigation.home(ValidateHomeNavigation.java:21)

