<?xml version="1.0" encoding="UTF-8"?>
<testsuite xmlns:xsi="http://www.w3.org/2001/XMLSchema-instance" xsi:noNamespaceSchemaLocation="https://maven.apache.org/surefire/maven-surefire-plugin/xsd/surefire-test-report-3.0.xsd" version="3.0" name="TestSuite" time="49.962" tests="6" errors="0" skipped="0" failures="1">
  <properties>
[...]
</properties>
  <testcase name="womenCategories[https://www.tamanna.com/](1)" classname="ValidateCart" time="14.124">
    <system-err><![CDATA[Starting ChromeDriver 104.0.5112.79 (3cf3e8c8a07d104b9e1260c910efb8f383285dc5-refs/branch-heads/5112@{#1307}) on port 2441
Only local connections are allowed.
Please see https://chromedriver.chromium.org/security-considerations for suggestions on keeping ChromeDriver safe.
ChromeDriver was started successfully.
Aug 22, 2022 8:19:08 PM org.openqa.selenium.remote.ProtocolHandshake createSession
INFO: Detected dialect: W3C
]]></system-err>
  </testcase>
  <testcase name="menCategories[10, https://www.tamanna.com/](1)" classname="ValidateCart" time="14.291"/>
  <testcase name="goToShopping[2 items, KWD 34.950](1)" classname="ValidateShoppingBag" time="3.024"/>
  <testcase name="removeCart[KWD 0.000, 10](1)" classname="ValidateRemoveCart" time="2.225"/>
  <testcase name="home[https://www.tamanna.com/](1)" classname="ValidateHomeNavigation" time="3.542">
    <failure message="expected [https://www.tamanna.com/] but found [https://www.tamanna.com/men/overview]" type="java.lang.AssertionError"><![CDATA[java.lang.AssertionError: expected [https://www.tamanna.com/] but found [https://www.tamanna.com/men/overview]
	at ValidateHomeNavigation.home(ValidateHomeNavigation.java:21)
]]></failure>
  </testcase>
  <testcase name="close" classname="ValidateHomeNavigation" time="0.553"/>
</testsuite>